#
# A fatal error has been detected by the Java Runtime Environment:
#
#  EXCEPTION_ACCESS_VIOLATION (0xc0000005) at pc=0x68ff8f28, pid=7356, tid=7420
#
# JRE version: Java(TM) SE Runtime Environment (8.0_40-b26) (build 1.8.0_40-b26)
# Java VM: Java HotSpot(TM) Client VM (25.40-b25 mixed mode windows-x86 )
# Problematic frame:
# C  [awt.dll+0x78f28]
#
# Failed to write core dump. Minidumps are not enabled by default on client versions of Windows
#
# If you would like to submit a bug report, please visit:
#   http://bugreport.java.com/bugreport/crash.jsp
# The crash happened outside the Java Virtual Machine in native code.
# See problematic frame for where to report the bug.
#

---------------  T H R E A D  ---------------

Current thread (0x15452c00):  JavaThread "AWT-Windows" daemon [_thread_in_native, id=7420, stack(0x16ee0000,0x170e0000)]

siginfo: ExceptionCode=0xc0000005, reading address 0xffff0029

Registers:
EAX=0xffff0029, EBX=0x0000a220, ECX=0x68f916d5, EDX=0x00367000
ESP=0x170df34c, EBP=0x170df3b0, ESI=0x1999e148, EDI=0x0000010e
EIP=0x68ff8f28, EFLAGS=0x00010282

Top of Stack: (sp=0x170df34c)
0x170df34c:   68ffa940 0000a220 00000000 00000000
0x170df35c:   79043c2a 00000112 1999e148 0000a220
0x170df36c:   77b1256c 15452d40 1999e1a0 000700a0
0x170df37c:   170df4a0 66828215 00000001 00000000
0x170df38c:   00000000 6f815da4 10ce9a50 00000000
0x170df39c:   00000000 79043c2a 170df458 69035c7b
0x170df3ac:   00000001 170df414 6902c13f 00000111
0x170df3bc:   0000a220 00000000 00000000 1999e148 

Instructions: (pc=0x68ff8f28)
0x68ff8f08:   14 00 83 7c 24 08 00 75 20 ff 74 24 04 b9 c0 e4
0x68ff8f18:   07 69 e8 f1 b3 02 00 85 c0 75 05 6a 02 58 eb 28
0x68ff8f28:   8b 10 8b c8 ff 52 08 eb f2 ff 74 24 08 e8 7a f1
0x68ff8f38:   ff ff 59 85 c0 74 0e ff 74 24 0c 8b 10 8b c8 ff 


Register to memory mapping:

EAX=0xffff0029 is an unknown value
EBX=0x0000a220 is an unknown value
ECX=0x68f916d5 is an unknown value
EDX=0x00367000 is an unknown value
ESP=0x170df34c is pointing into the stack for thread: 0x15452c00
EBP=0x170df3b0 is pointing into the stack for thread: 0x15452c00
ESI=0x1999e148 is an unknown value
EDI=0x0000010e is an unknown value


Stack: [0x16ee0000,0x170e0000],  sp=0x170df34c,  free space=2044k
Native frames: (J=compiled Java code, j=interpreted, Vv=VM code, C=native code)
C  [awt.dll+0x78f28]
C  [awt.dll+0xac13f]
C  [awt.dll+0x89889]
C  [awt.dll+0x7815e]
C  [USER32.dll+0x2d2b3]
C  [USER32.dll+0xe88a]
C  [USER32.dll+0xdf17]
C  [awt.dll+0x117ff]
C  [COMCTL32.dll+0x5e64]
C  [COMCTL32.dll+0x5d5c]
C  [USER32.dll+0x2d2b3]
C  [USER32.dll+0xe88a]
C  [USER32.dll+0xe1e4]
C  [USER32.dll+0xdfa0]
C  [awt.dll+0xa6824]

Java frames: (J=compiled Java code, j=interpreted, Vv=VM code)
j  sun.awt.windows.WToolkit.eventLoop()V+0
j  sun.awt.windows.WToolkit.run()V+58
j  java.lang.Thread.run()V+11
v  ~StubRoutines::call_stub

---------------  P R O C E S S  ---------------

Java Threads: ( => current thread )
  0x16a2a400 JavaThread "vm-event-handler" [_thread_blocked, id=7124, stack(0x1a160000,0x1a360000)]
  0x1ca82000 JavaThread "BlueJ I/O Handler" [_thread_blocked, id=1428, stack(0x19420000,0x19620000)]
  0x1ca81000 JavaThread "BlueJ I/O Handler" [_thread_in_native, id=5936, stack(0x18bd0000,0x18dd0000)]
  0x1ca81400 JavaThread "BlueJ I/O Handler" [_thread_in_native, id=6052, stack(0x18750000,0x18950000)]
  0x1ca83400 JavaThread "JDI Target VM Interface" daemon [_thread_in_native, id=8276, stack(0x18240000,0x18440000)]
  0x1ca80400 JavaThread "JDI Internal Event Handler" daemon [_thread_blocked, id=4652, stack(0x179d0000,0x17bd0000)]
  0x16a28400 JavaThread "Swing-Shell" daemon [_thread_blocked, id=7580, stack(0x1a8f0000,0x1aaf0000)]
  0x16a28c00 JavaThread "BlueJ compiler thread" [_thread_blocked, id=7316, stack(0x174d0000,0x176d0000)]
  0x16808800 JavaThread "TimerQueue" daemon [_thread_blocked, id=7428, stack(0x17dc0000,0x17fc0000)]
  0x15455400 JavaThread "AWT-EventQueue-0" [_thread_blocked, id=7424, stack(0x172d0000,0x174d0000)]
=>0x15452c00 JavaThread "AWT-Windows" daemon [_thread_in_native, id=7420, stack(0x16ee0000,0x170e0000)]
  0x15406400 JavaThread "AWT-Shutdown" [_thread_blocked, id=7416, stack(0x16ca0000,0x16ea0000)]
  0x153e9400 JavaThread "Java2D Disposer" daemon [_thread_blocked, id=7412, stack(0x16560000,0x16760000)]
  0x15295800 JavaThread "Service Thread" daemon [_thread_blocked, id=7400, stack(0x15ff0000,0x161f0000)]
  0x15299400 JavaThread "C1 CompilerThread0" daemon [_thread_blocked, id=7396, stack(0x15db0000,0x15fb0000)]
  0x15298400 JavaThread "Attach Listener" daemon [_thread_blocked, id=7392, stack(0x15b70000,0x15d70000)]
  0x15296400 JavaThread "Signal Dispatcher" daemon [_thread_blocked, id=7388, stack(0x15930000,0x15b30000)]
  0x15265400 JavaThread "Finalizer" daemon [_thread_blocked, id=7384, stack(0x156e0000,0x158e0000)]
  0x026fe400 JavaThread "Reference Handler" daemon [_thread_blocked, id=7380, stack(0x154a0000,0x156a0000)]
  0x0077b800 JavaThread "main" [_thread_blocked, id=7360, stack(0x004a0000,0x006a0000)]

Other Threads:
  0x026fc000 VMThread [stack: 0x15060000,0x15260000] [id=7376]
  0x1528f400 WatcherThread [stack: 0x16230000,0x16430000] [id=7404]

VM state:not at safepoint (normal execution)

VM Mutex/Monitor currently owned by a thread: None

Heap:
 def new generation   total 20608K, used 4131K [0x04c00000, 0x06250000, 0x0a150000)
  eden space 18368K,  13% used [0x04c00000, 0x04e662f8, 0x05df0000)
  from space 2240K,  74% used [0x05df0000, 0x05f92a80, 0x06020000)
  to   space 2240K,   0% used [0x06020000, 0x06020000, 0x06250000)
 tenured generation   total 45556K, used 35776K [0x0a150000, 0x0cdcd000, 0x14c00000)
   the space 45556K,  78% used [0x0a150000, 0x0c440260, 0x0c440400, 0x0cdcd000)
 Metaspace       used 17920K, capacity 18332K, committed 18560K, reserved 18816K

Card table byte_map: [0x04ad0000,0x04b60000] byte_map_base: 0x04aaa000

Polling page: 0x00790000

CodeCache: size=32768Kb used=3981Kb max_used=5190Kb free=28786Kb
 bounds [0x02a50000, 0x02f68000, 0x04a50000]
 total_blobs=2262 nmethods=1992 adapters=199
 compilation: enabled

Compilation events (10 events):
Event: 3751.316 Thread 0x15299400 8415             sun.util.logging.PlatformLogger$Level::intValue (9 bytes)
Event: 3751.317 Thread 0x15299400 nmethod 8415 0x02f61f48 code [0x02f62040, 0x02f620e0]
Event: 3781.707 Thread 0x15299400 8416             sun.util.logging.PlatformLogger$DefaultLoggerProxy::isLoggable (29 bytes)
Event: 3781.707 Thread 0x15299400 nmethod 8416 0x02c2b648 code [0x02c2b750, 0x02c2b850]
Event: 4070.572 Thread 0x15299400 8417             java.util.concurrent.locks.AbstractQueuedSynchronizer$Node::<init> (15 bytes)
Event: 4070.573 Thread 0x15299400 nmethod 8417 0x02afec08 code [0x02afed00, 0x02afeda0]
Event: 4104.960 Thread 0x15299400 8418             java.util.concurrent.locks.AbstractQueuedSynchronizer::addWaiter (50 bytes)
Event: 4104.961 Thread 0x15299400 nmethod 8418 0x02b2c048 code [0x02b2c150, 0x02b2c2ec]
Event: 4104.962 Thread 0x15299400 8419             java.util.concurrent.locks.AbstractQueuedSynchronizer::compareAndSetTail (13 bytes)
Event: 4104.962 Thread 0x15299400 nmethod 8419 0x02b5e048 code [0x02b5e140, 0x02b5e1e0]

GC Heap History (10 events):
Event: 3168.563 GC heap before
{Heap before GC invocations=69 (full 7):
 def new generation   total 20608K, used 19892K [0x04c00000, 0x06250000, 0x0a150000)
  eden space 18368K, 100% used [0x04c00000, 0x05df0000, 0x05df0000)
  from space 2240K,  68% used [0x06020000, 0x0619d238, 0x06250000)
  to   space 2240K,   0% used [0x05df0000, 0x05df0000, 0x06020000)
 tenured generation   total 45556K, used 27333K [0x0a150000, 0x0cdcd000, 0x14c00000)
   the space 45556K,  59% used [0x0a150000, 0x0bc015e0, 0x0bc01600, 0x0cdcd000)
 Metaspace       used 17868K, capacity 18260K, committed 18560K, reserved 18816K
Event: 3168.565 GC heap after
Heap after GC invocations=70 (full 7):
 def new generation   total 20608K, used 23K [0x04c00000, 0x06250000, 0x0a150000)
  eden space 18368K,   0% used [0x04c00000, 0x04c00000, 0x05df0000)
  from space 2240K,   1% used [0x05df0000, 0x05df5c60, 0x06020000)
  to   space 2240K,   0% used [0x06020000, 0x06020000, 0x06250000)
 tenured generation   total 45556K, used 28531K [0x0a150000, 0x0cdcd000, 0x14c00000)
   the space 45556K,  62% used [0x0a150000, 0x0bd2cca0, 0x0bd2ce00, 0x0cdcd000)
 Metaspace       used 17868K, capacity 18260K, committed 18560K, reserved 18816K
}
Event: 3180.055 GC heap before
{Heap before GC invocations=70 (full 7):
 def new generation   total 20608K, used 18391K [0x04c00000, 0x06250000, 0x0a150000)
  eden space 18368K, 100% used [0x04c00000, 0x05df0000, 0x05df0000)
  from space 2240K,   1% used [0x05df0000, 0x05df5c60, 0x06020000)
  to   space 2240K,   0% used [0x06020000, 0x06020000, 0x06250000)
 tenured generation   total 45556K, used 28531K [0x0a150000, 0x0cdcd000, 0x14c00000)
   the space 45556K,  62% used [0x0a150000, 0x0bd2cca0, 0x0bd2ce00, 0x0cdcd000)
 Metaspace       used 17889K, capacity 18300K, committed 18560K, reserved 18816K
Event: 3180.059 GC heap after
Heap after GC invocations=71 (full 7):
 def new generation   total 20608K, used 2240K [0x04c00000, 0x06250000, 0x0a150000)
  eden space 18368K,   0% used [0x04c00000, 0x04c00000, 0x05df0000)
  from space 2240K, 100% used [0x06020000, 0x06250000, 0x06250000)
  to   space 2240K,   0% used [0x05df0000, 0x05df0000, 0x06020000)
 tenured generation   total 45556K, used 28914K [0x0a150000, 0x0cdcd000, 0x14c00000)
   the space 45556K,  63% used [0x0a150000, 0x0bd8c968, 0x0bd8ca00, 0x0cdcd000)
 Metaspace       used 17889K, capacity 18300K, committed 18560K, reserved 18816K
}
Event: 3395.699 GC heap before
{Heap before GC invocations=71 (full 7):
 def new generation   total 20608K, used 20608K [0x04c00000, 0x06250000, 0x0a150000)
  eden space 18368K, 100% used [0x04c00000, 0x05df0000, 0x05df0000)
  from space 2240K, 100% used [0x06020000, 0x06250000, 0x06250000)
  to   space 2240K,   0% used [0x05df0000, 0x05df0000, 0x06020000)
 tenured generation   total 45556K, used 28914K [0x0a150000, 0x0cdcd000, 0x14c00000)
   the space 45556K,  63% used [0x0a150000, 0x0bd8c968, 0x0bd8ca00, 0x0cdcd000)
 Metaspace       used 17920K, capacity 18332K, committed 18560K, reserved 18816K
Event: 3395.703 GC heap after
Heap after GC invocations=72 (full 7):
 def new generation   total 20608K, used 2145K [0x04c00000, 0x06250000, 0x0a150000)
  eden space 18368K,   0% used [0x04c00000, 0x04c00000, 0x05df0000)
  from space 2240K,  95% used [0x05df0000, 0x06008510, 0x06020000)
  to   space 2240K,   0% used [0x06020000, 0x06020000, 0x06250000)
 tenured generation   total 45556K, used 34200K [0x0a150000, 0x0cdcd000, 0x14c00000)
   the space 45556K,  75% used [0x0a150000, 0x0c2b62e0, 0x0c2b6400, 0x0cdcd000)
 Metaspace       used 17920K, capacity 18332K, committed 18560K, reserved 18816K
}
Event: 3634.132 GC heap before
{Heap before GC invocations=72 (full 7):
 def new generation   total 20608K, used 20513K [0x04c00000, 0x06250000, 0x0a150000)
  eden space 18368K, 100% used [0x04c00000, 0x05df0000, 0x05df0000)
  from space 2240K,  95% used [0x05df0000, 0x06008510, 0x06020000)
  to   space 2240K,   0% used [0x06020000, 0x06020000, 0x06250000)
 tenured generation   total 45556K, used 34200K [0x0a150000, 0x0cdcd000, 0x14c00000)
   the space 45556K,  75% used [0x0a150000, 0x0c2b62e0, 0x0c2b6400, 0x0cdcd000)
 Metaspace       used 17920K, capacity 18332K, committed 18560K, reserved 18816K
Event: 3634.140 GC heap after
Heap after GC invocations=73 (full 7):
 def new generation   total 20608K, used 681K [0x04c00000, 0x06250000, 0x0a150000)
  eden space 18368K,   0% used [0x04c00000, 0x04c00000, 0x05df0000)
  from space 2240K,  30% used [0x06020000, 0x060ca698, 0x06250000)
  to   space 2240K,   0% used [0x05df0000, 0x05df0000, 0x06020000)
 tenured generation   total 45556K, used 35776K [0x0a150000, 0x0cdcd000, 0x14c00000)
   the space 45556K,  78% used [0x0a150000, 0x0c440260, 0x0c440400, 0x0cdcd000)
 Metaspace       used 17920K, capacity 18332K, committed 18560K, reserved 18816K
}
Event: 4167.922 GC heap before
{Heap before GC invocations=73 (full 7):
 def new generation   total 20608K, used 19049K [0x04c00000, 0x06250000, 0x0a150000)
  eden space 18368K, 100% used [0x04c00000, 0x05df0000, 0x05df0000)
  from space 2240K,  30% used [0x06020000, 0x060ca698, 0x06250000)
  to   space 2240K,   0% used [0x05df0000, 0x05df0000, 0x06020000)
 tenured generation   total 45556K, used 35776K [0x0a150000, 0x0cdcd000, 0x14c00000)
   the space 45556K,  78% used [0x0a150000, 0x0c440260, 0x0c440400, 0x0cdcd000)
 Metaspace       used 17920K, capacity 18332K, committed 18560K, reserved 18816K
Event: 4167.933 GC heap after
Heap after GC invocations=74 (full 7):
 def new generation   total 20608K, used 1674K [0x04c00000, 0x06250000, 0x0a150000)
  eden space 18368K,   0% used [0x04c00000, 0x04c00000, 0x05df0000)
  from space 2240K,  74% used [0x05df0000, 0x05f92a80, 0x06020000)
  to   space 2240K,   0% used [0x06020000, 0x06020000, 0x06250000)
 tenured generation   total 45556K, used 35776K [0x0a150000, 0x0cdcd000, 0x14c00000)
   the space 45556K,  78% used [0x0a150000, 0x0c440260, 0x0c440400, 0x0cdcd000)
 Metaspace       used 17920K, capacity 18332K, committed 18560K, reserved 18816K
}

Deoptimization events (0 events):
No events

Internal exceptions (10 events):
Event: 3634.195 Thread 0x19a2b000 Exception <a 'java/lang/InterruptedException': sleep interrupted> (0x04eef6b0) thrown at [C:\re\workspace\8-2-build-windows-i586-cygwin\jdk8u40\3098\hotspot\src\share\vm\prims\jvm.cpp, line 3163]
Event: 3634.195 Thread 0x19a29800 Exception <a 'java/lang/InterruptedException': sleep interrupted> (0x04efae70) thrown at [C:\re\workspace\8-2-build-windows-i586-cygwin\jdk8u40\3098\hotspot\src\share\vm\prims\jvm.cpp, line 3163]
Event: 3634.195 Thread 0x1ca82800 Exception <a 'java/lang/InterruptedException': sleep interrupted> (0x04f06630) thrown at [C:\re\workspace\8-2-build-windows-i586-cygwin\jdk8u40\3098\hotspot\src\share\vm\prims\jvm.cpp, line 3163]
Event: 3634.196 Thread 0x1ca83000 Exception <a 'java/lang/InterruptedException': sleep interrupted> (0x04f11df0) thrown at [C:\re\workspace\8-2-build-windows-i586-cygwin\jdk8u40\3098\hotspot\src\share\vm\prims\jvm.cpp, line 3163]
Event: 3634.376 Thread 0x1ca83c00 Exception <a 'java/lang/InterruptedException': sleep interrupted> (0x04f96ba8) thrown at [C:\re\workspace\8-2-build-windows-i586-cygwin\jdk8u40\3098\hotspot\src\share\vm\prims\jvm.cpp, line 3163]
Event: 3634.376 Thread 0x1ca82800 Exception <a 'java/lang/InterruptedException': sleep interrupted> (0x04fa2368) thrown at [C:\re\workspace\8-2-build-windows-i586-cygwin\jdk8u40\3098\hotspot\src\share\vm\prims\jvm.cpp, line 3163]
Event: 3634.377 Thread 0x1ca80800 Exception <a 'java/lang/InterruptedException': sleep interrupted> (0x04fadb28) thrown at [C:\re\workspace\8-2-build-windows-i586-cygwin\jdk8u40\3098\hotspot\src\share\vm\prims\jvm.cpp, line 3163]
Event: 3634.377 Thread 0x1ca81c00 Exception <a 'java/lang/InterruptedException': sleep interrupted> (0x04fb92e8) thrown at [C:\re\workspace\8-2-build-windows-i586-cygwin\jdk8u40\3098\hotspot\src\share\vm\prims\jvm.cpp, line 3211]
Event: 3634.378 Thread 0x19ad6400 Exception <a 'java/lang/InterruptedException': sleep interrupted> (0x04fc4aa8) thrown at [C:\re\workspace\8-2-build-windows-i586-cygwin\jdk8u40\3098\hotspot\src\share\vm\prims\jvm.cpp, line 3211]
Event: 3634.397 Thread 0x19ad7000 Exception <a 'java/lang/InterruptedException': sleep interrupted> (0x04fdd6d0) thrown at [C:\re\workspace\8-2-build-windows-i586-cygwin\jdk8u40\3098\hotspot\src\share\vm\prims\jvm.cpp, line 3163]

Events (10 events):
Event: 4167.934 Executing VM operation: RevokeBias
Event: 4167.934 Executing VM operation: RevokeBias done
Event: 4167.934 Executing VM operation: RevokeBias
Event: 4167.934 Executing VM operation: RevokeBias done
Event: 4265.445 Thread 0x19ad8000 Thread added: 0x19ad8000
Event: 4265.451 Thread 0x19ad8000 Thread exited: 0x19ad8000
Event: 4267.010 Thread 0x19ad7000 Thread added: 0x19ad7000
Event: 4267.011 Thread 0x19ad7000 Thread exited: 0x19ad7000
Event: 4276.280 Thread 0x19ad6000 Thread added: 0x19ad6000
Event: 4276.281 Thread 0x19ad6000 Thread exited: 0x19ad6000


Dynamic libraries:
0x00400000 - 0x00497000 	C:\Program Files (x86)\BlueJ\BlueJ.exe
0x77ca0000 - 0x77e23000 	C:\WINDOWS\SYSTEM32\ntdll.dll
0x75bd0000 - 0x75cb0000 	C:\WINDOWS\System32\KERNEL32.DLL
0x775e0000 - 0x77781000 	C:\WINDOWS\System32\KERNELBASE.dll
0x77240000 - 0x772b7000 	C:\WINDOWS\System32\ADVAPI32.DLL
0x77420000 - 0x774de000 	C:\WINDOWS\System32\msvcrt.dll
0x75cb0000 - 0x75cf1000 	C:\WINDOWS\System32\sechost.dll
0x756b0000 - 0x75771000 	C:\WINDOWS\System32\RPCRT4.dll
0x74760000 - 0x7477e000 	C:\WINDOWS\System32\SspiCli.dll
0x74750000 - 0x7475a000 	C:\WINDOWS\System32\CRYPTBASE.dll
0x77520000 - 0x7757a000 	C:\WINDOWS\System32\bcryptPrimitives.dll
0x75440000 - 0x75525000 	C:\WINDOWS\System32\COMDLG32.DLL
0x778f0000 - 0x77b01000 	C:\WINDOWS\System32\combase.dll
0x75780000 - 0x75860000 	C:\WINDOWS\System32\ucrtbase.dll
0x74dc0000 - 0x74e48000 	C:\WINDOWS\System32\shcore.dll
0x770e0000 - 0x7723f000 	C:\WINDOWS\System32\USER32.dll
0x77b10000 - 0x77b25000 	C:\WINDOWS\System32\win32u.dll
0x774f0000 - 0x7751b000 	C:\WINDOWS\System32\GDI32.dll
0x75860000 - 0x759bb000 	C:\WINDOWS\System32\gdi32full.dll
0x74d70000 - 0x74db6000 	C:\WINDOWS\System32\SHLWAPI.dll
0x75d00000 - 0x770d8000 	C:\WINDOWS\System32\SHELL32.dll
0x778b0000 - 0x778e6000 	C:\WINDOWS\System32\cfgmgr32.dll
0x74780000 - 0x74cee000 	C:\WINDOWS\System32\windows.storage.dll
0x75260000 - 0x752a5000 	C:\WINDOWS\System32\powrprof.dll
0x77340000 - 0x7734d000 	C:\WINDOWS\System32\kernel.appcore.dll
0x774e0000 - 0x774ef000 	C:\WINDOWS\System32\profapi.dll
0x741e0000 - 0x741e8000 	C:\WINDOWS\SYSTEM32\VERSION.dll
0x6f810000 - 0x6f8a4000 	C:\WINDOWS\WinSxS\x86_microsoft.windows.common-controls_6595b64144ccf1df_5.82.14393.447_none_5507ded2cb4f7f4c\COMCTL32.dll
0x773f0000 - 0x77415000 	C:\WINDOWS\System32\IMM32.DLL
0x68a40000 - 0x68e00000 	C:\Program Files (x86)\BlueJ\jdk\jre\bin\client\jvm.dll
0x74cf0000 - 0x74cf6000 	C:\WINDOWS\System32\PSAPI.DLL
0x6bce0000 - 0x6bce8000 	C:\WINDOWS\SYSTEM32\WSOCK32.dll
0x6cee0000 - 0x6cf04000 	C:\WINDOWS\SYSTEM32\WINMM.dll
0x69130000 - 0x691ef000 	C:\Program Files (x86)\BlueJ\jdk\jre\bin\MSVCR100.dll
0x75b00000 - 0x75b63000 	C:\WINDOWS\System32\WS2_32.dll
0x00730000 - 0x00753000 	C:\WINDOWS\SYSTEM32\WINMMBASE.dll
0x69120000 - 0x6912c000 	C:\Program Files (x86)\BlueJ\jdk\jre\bin\verify.dll
0x690f0000 - 0x69111000 	C:\Program Files (x86)\BlueJ\jdk\jre\bin\java.dll
0x690d0000 - 0x690e3000 	C:\Program Files (x86)\BlueJ\jdk\jre\bin\zip.dll
0x68f80000 - 0x690c5000 	C:\Program Files (x86)\BlueJ\jdk\jre\bin\awt.dll
0x75a60000 - 0x75af4000 	C:\WINDOWS\System32\OLEAUT32.dll
0x772c0000 - 0x7733b000 	C:\WINDOWS\System32\msvcp_win.dll
0x689a0000 - 0x68a32000 	C:\WINDOWS\SYSTEM32\apphelp.dll
0x72460000 - 0x72473000 	C:\WINDOWS\SYSTEM32\CRYPTSP.dll
0x72430000 - 0x7245f000 	C:\WINDOWS\system32\rsaenh.dll
0x73ad0000 - 0x73aeb000 	C:\WINDOWS\SYSTEM32\bcrypt.dll
0x6bb40000 - 0x6bb5a000 	C:\WINDOWS\SYSTEM32\USERENV.dll
0x68f60000 - 0x68f75000 	C:\Program Files (x86)\BlueJ\jdk\jre\bin\net.dll
0x73770000 - 0x737be000 	C:\WINDOWS\system32\mswsock.dll
0x737c0000 - 0x737ef000 	C:\WINDOWS\SYSTEM32\IPHLPAPI.DLL
0x77790000 - 0x77797000 	C:\WINDOWS\System32\NSI.dll
0x70400000 - 0x70413000 	C:\WINDOWS\SYSTEM32\dhcpcsvc6.DLL
0x703e0000 - 0x703f4000 	C:\WINDOWS\SYSTEM32\dhcpcsvc.DLL
0x68f50000 - 0x68f5f000 	C:\Program Files (x86)\BlueJ\jdk\jre\bin\nio.dll
0x68f20000 - 0x68f45000 	C:\Program Files (x86)\BlueJ\jdk\jre\bin\jpeg.dll
0x68960000 - 0x68991000 	C:\Program Files (x86)\BlueJ\jdk\jre\bin\lcms.dll
0x6d7a0000 - 0x6d815000 	C:\WINDOWS\system32\uxtheme.dll
0x75300000 - 0x75435000 	C:\WINDOWS\System32\MSCTF.dll
0x6c370000 - 0x6c38f000 	C:\WINDOWS\system32\dwmapi.dll
0x777c0000 - 0x778ac000 	C:\WINDOWS\System32\ole32.dll
0x68920000 - 0x68959000 	C:\Program Files (x86)\BlueJ\jdk\jre\bin\fontmanager.dll
0x688f0000 - 0x68920000 	C:\Program Files (x86)\BlueJ\jdk\jre\bin\t2k.dll
0x759c0000 - 0x75a44000 	C:\WINDOWS\System32\clbcatq.dll
0x6bd10000 - 0x6bf1a000 	C:\WINDOWS\WinSxS\x86_microsoft.windows.common-controls_6595b64144ccf1df_6.0.14393.953_none_89c2555adb023171\comctl32.dll
0x68780000 - 0x688ee000 	C:\WINDOWS\SYSTEM32\WindowsCodecs.dll
0x68730000 - 0x68774000 	C:\WINDOWS\system32\dataexchange.dll
0x683e0000 - 0x68610000 	C:\WINDOWS\system32\d3d11.dll
0x68610000 - 0x68723000 	C:\WINDOWS\system32\dcomp.dll
0x6c550000 - 0x6c5d3000 	C:\WINDOWS\system32\dxgi.dll
0x682e0000 - 0x683d1000 	C:\WINDOWS\system32\twinapi.appcore.dll
0x715f0000 - 0x7166d000 	C:\WINDOWS\SYSTEM32\DNSAPI.dll
0x715e0000 - 0x715e8000 	C:\Windows\System32\rasadhlp.dll
0x71590000 - 0x715d9000 	C:\WINDOWS\System32\fwpuclnt.dll
0x682d0000 - 0x682d9000 	C:\Program Files (x86)\BlueJ\jdk\jre\bin\dt_shmem.dll
0x6c530000 - 0x6c542000 	C:\WINDOWS\system32\napinsp.dll
0x6c510000 - 0x6c526000 	C:\WINDOWS\system32\pnrpnsp.dll
0x6c4f0000 - 0x6c504000 	C:\WINDOWS\system32\NLAapi.dll
0x6c4e0000 - 0x6c4ec000 	C:\WINDOWS\System32\winrnr.dll
0x6c4c0000 - 0x6c4d1000 	C:\WINDOWS\System32\wshbth.dll
0x682a0000 - 0x682c4000 	C:\Program Files (x86)\BlueJ\jdk\jre\bin\dcpr.dll
0x68250000 - 0x6825a000 	C:\Program Files (x86)\BlueJ\jdk\jre\bin\management.dll
0x6c2a0000 - 0x6c2ee000 	C:\WINDOWS\system32\Ninput.dll
0x72260000 - 0x723af000 	C:\WINDOWS\system32\propsys.dll
0x677f0000 - 0x67914000 	C:\WINDOWS\system32\NetworkExplorer.dll
0x67490000 - 0x67616000 	C:\Windows\System32\ActXPrxy.dll
0x677a0000 - 0x677e3000 	C:\Windows\System32\thumbcache.dll
0x67760000 - 0x6779f000 	C:\WINDOWS\SYSTEM32\policymanager.dll
0x676f0000 - 0x67757000 	C:\WINDOWS\SYSTEM32\msvcp110_win.dll
0x694f0000 - 0x69506000 	C:\WINDOWS\SYSTEM32\MPR.dll
0x6bf80000 - 0x6bf92000 	C:\WINDOWS\System32\ntlanman.dll
0x68260000 - 0x68269000 	C:\WINDOWS\System32\drprov.dll
0x6f5b0000 - 0x6f5f3000 	C:\WINDOWS\System32\WINSTA.dll
0x676d0000 - 0x676ea000 	C:\WINDOWS\System32\davclnt.dll
0x676c0000 - 0x676cb000 	C:\WINDOWS\System32\DAVHLPR.dll
0x6ddc0000 - 0x6ddd0000 	C:\WINDOWS\System32\wkscli.dll
0x676b0000 - 0x676bf000 	C:\WINDOWS\SYSTEM32\cscapi.dll
0x6ddb0000 - 0x6ddbb000 	C:\WINDOWS\System32\netutils.dll
0x67440000 - 0x67482000 	C:\Windows\System32\dlnashext.dll
0x67690000 - 0x676ab000 	C:\Windows\System32\DevDispItemProvider.dll
0x717e0000 - 0x71802000 	C:\WINDOWS\System32\DEVOBJ.dll
0x67190000 - 0x6737f000 	C:\WINDOWS\system32\wpdshext.dll
0x6a920000 - 0x6aa89000 	C:\WINDOWS\WinSxS\x86_microsoft.windows.gdiplus_6595b64144ccf1df_1.1.14393.953_none_baad48403594ab3f\gdiplus.dll
0x6d560000 - 0x6d5e3000 	C:\Windows\System32\PortableDeviceApi.dll
0x74e50000 - 0x7525b000 	C:\WINDOWS\System32\SETUPAPI.dll
0x752b0000 - 0x752f4000 	C:\WINDOWS\System32\WINTRUST.dll
0x75a50000 - 0x75a5e000 	C:\WINDOWS\System32\MSASN1.dll
0x75530000 - 0x756ad000 	C:\WINDOWS\System32\CRYPT32.dll
0x67140000 - 0x67182000 	C:\WINDOWS\system32\audiodev.dll
0x66f10000 - 0x67134000 	C:\WINDOWS\system32\WMVCore.DLL
0x66e00000 - 0x66f09000 	C:\WINDOWS\system32\mfperfhelper.dll
0x66db0000 - 0x66df4000 	C:\WINDOWS\system32\WMASF.DLL
0x66c90000 - 0x66da3000 	C:\WINDOWS\SYSTEM32\MFPlat.DLL
0x66c60000 - 0x66c8a000 	C:\WINDOWS\SYSTEM32\RTWorkQ.DLL
0x6bb60000 - 0x6bb6a000 	C:\WINDOWS\SYSTEM32\Secur32.dll
0x66c40000 - 0x66c55000 	C:\WINDOWS\SYSTEM32\samcli.dll
0x66c20000 - 0x66c3a000 	C:\WINDOWS\SYSTEM32\SAMLIB.dll
0x66820000 - 0x66861000 	C:\Program Files (x86)\TeamViewer\tv_w32.dll
0x6b760000 - 0x6b8a5000 	C:\WINDOWS\SYSTEM32\dbghelp.dll

VM Arguments:
java_command: <unknown>
java_class_path (initial): C:\Program Files (x86)\BlueJ\lib\bluej.jar;C:\Program Files (x86)\BlueJ\jdk\lib\tools.jar
Launcher Type: generic

Environment Variables:
PATH=C:\ProgramData\Oracle\Java\javapath;C:\Program Files (x86)\Intel\iCLS Client\;C:\Program Files\Intel\iCLS Client\;C:\Windows\system32;C:\Windows;C:\Windows\System32\Wbem;C:\Windows\System32\WindowsPowerShell\v1.0\;C:\Program Files (x86)\Intel\Intel(R) Management Engine Components\DAL;C:\Program Files\Intel\Intel(R) Management Engine Components\DAL;C:\Program Files (x86)\Intel\Intel(R) Management Engine Components\IPT;C:\Program Files\Intel\Intel(R) Management Engine Components\IPT;C:\WINDOWS\system32;C:\WINDOWS;C:\WINDOWS\System32\Wbem;C:\WINDOWS\System32\WindowsPowerShell\v1.0\;C:\Program Files (x86)\NVIDIA Corporation\PhysX\Common;C:\Program Files (x86)\QuickTime\QTSystem\;C:\Users\Al\AppData\Local\Microsoft\WindowsApps;
USERNAME=Al
OS=Windows_NT
PROCESSOR_IDENTIFIER=Intel64 Family 6 Model 142 Stepping 9, GenuineIntel



---------------  S Y S T E M  ---------------

OS: Windows 10.0 , 64 bit Build 14393 (10.0.14393.1198)

CPU:total 4 (2 cores per cpu, 2 threads per core) family 6 model 142 stepping 9, cmov, cx8, fxsr, mmx, sse, sse2, sse3, ssse3, sse4.1, sse4.2, popcnt, avx, avx2, aes, clmul, erms, 3dnowpref, lzcnt, ht, tsc, tscinvbit, bmi1, bmi2, adx

Memory: 4k page, physical 8253572k(4564852k free), swap 9564292k(5799512k free)

vm_info: Java HotSpot(TM) Client VM (25.40-b25) for windows-x86 JRE (1.8.0_40-b26), built on Mar  7 2015 13:51:08 by "java_re" with MS VC++ 10.0 (VS2010)

time: Thu May 18 12:15:08 2017
elapsed time: 4276 seconds (0d 1h 11m 16s)

